Looking for git in: git
Using git 2.23.0.rc1 from git
> git rev-parse --show-toplevel
> git rev-parse --git-dir
Open repository: /root/Documents/CodiWork/Submissions
> git status -z -u
> git symbolic-ref --short HEAD
> git rev-parse master
> git rev-parse --symbolic-full-name master@{u}
> git rev-list --left-right master...refs/remotes/origin/master
> git for-each-ref --format %(refname) %(objectname) --sort -committerdate
> git remote --verbose
Failed to watch ref '/root/Documents/CodiWork/Submissions/.git/refs/remotes/origin/master', is most likely packed.
Error: ENOENT: no such file or directory, watch '/root/Documents/CodiWork/Submissions/.git/refs/remotes/origin/master'
	at FSWatcher.start (internal/fs/watchers.js:165:26)
	at Object.watch (fs.js:1270:11)
	at Object.t.watch (/usr/share/code/resources/app/extensions/git/dist/main.js:1:596797)
	at T.updateTransientWatchers (/usr/share/code/resources/app/extensions/git/dist/main.js:1:101168)
	at l.fire (/usr/share/code/resources/app/out/vs/workbench/services/extensions/node/extensionHostProcess.js:47:227)
	at E.updateModelState (/usr/share/code/resources/app/extensions/git/dist/main.js:1:120038)
> git config --get commit.template
> git check-ignore -v -z --stdin
> git show :Exercises/html-css-git-exercises/week-1/1-parent-child/readme.md
> git status -z -u
> git symbolic-ref --short HEAD
> git rev-parse master
> git rev-parse --symbolic-full-name master@{u}
> git rev-list --left-right master...refs/remotes/origin/master
> git for-each-ref --format %(refname) %(objectname) --sort -committerdate
> git remote --verbose
Failed to watch ref '/root/Documents/CodiWork/Submissions/.git/refs/remotes/origin/master', is most likely packed.
Error: ENOENT: no such file or directory, watch '/root/Documents/CodiWork/Submissions/.git/refs/remotes/origin/master'
	at FSWatcher.start (internal/fs/watchers.js:165:26)
	at Object.watch (fs.js:1270:11)
	at Object.t.watch (/usr/share/code/resources/app/extensions/git/dist/main.js:1:596797)
	at T.updateTransientWatchers (/usr/share/code/resources/app/extensions/git/dist/main.js:1:101168)
	at l.fire (/usr/share/code/resources/app/out/vs/workbench/services/extensions/node/extensionHostProcess.js:47:227)
	at E.updateModelState (/usr/share/code/resources/app/extensions/git/dist/main.js:1:120038)
> git config --get commit.template
> git show :Exercises/html-css-git-exercises/week-1/1-parent-child/index.html
> git check-ignore -v -z --stdin
> git show :Exercises/html-css-git-exercises/week-1/1-parent-child/readme.md
> git show :Exercises/html-css-git-exercises/week-1/1-parent-child/index.html
> git show :Exercises/html-css-git-exercises/week-1/1-parent-child/readme.md
> git show :Exercises/html-css-git-exercises/week-1/1-parent-child/index.html
> git show :Exercises/html-css-git-exercises/week-1/1-parent-child/readme.md
> git show :Exercises/html-css-git-exercises/week-1/1-parent-child/index.html
> git show :Exercises/html-css-git-exercises/week-1/1-parent-child/readme.md
> git show :Exercises/html-css-git-exercises/week-1/1-parent-child/index.html
> git status -z -u
> git symbolic-ref --short HEAD
> git rev-parse master
> git rev-parse --symbolic-full-name master@{u}
> git rev-list --left-right master...refs/remotes/origin/master
> git for-each-ref --format %(refname) %(objectname) --sort -committerdate
> git remote --verbose
Failed to watch ref '/root/Documents/CodiWork/Submissions/.git/refs/remotes/origin/master', is most likely packed.
Error: ENOENT: no such file or directory, watch '/root/Documents/CodiWork/Submissions/.git/refs/remotes/origin/master'
	at FSWatcher.start (internal/fs/watchers.js:165:26)
	at Object.watch (fs.js:1270:11)
	at Object.t.watch (/usr/share/code/resources/app/extensions/git/dist/main.js:1:596797)
	at T.updateTransientWatchers (/usr/share/code/resources/app/extensions/git/dist/main.js:1:101168)
	at l.fire (/usr/share/code/resources/app/out/vs/workbench/services/extensions/node/extensionHostProcess.js:47:227)
	at E.updateModelState (/usr/share/code/resources/app/extensions/git/dist/main.js:1:120038)
> git config --get commit.template
> git status -z -u
> git symbolic-ref --short HEAD
> git rev-parse master
> git rev-parse --symbolic-full-name master@{u}
> git rev-list --left-right master...refs/remotes/origin/master
> git for-each-ref --format %(refname) %(objectname) --sort -committerdate
> git remote --verbose
Failed to watch ref '/root/Documents/CodiWork/Submissions/.git/refs/remotes/origin/master', is most likely packed.
Error: ENOENT: no such file or directory, watch '/root/Documents/CodiWork/Submissions/.git/refs/remotes/origin/master'
	at FSWatcher.start (internal/fs/watchers.js:165:26)
	at Object.watch (fs.js:1270:11)
	at Object.t.watch (/usr/share/code/resources/app/extensions/git/dist/main.js:1:596797)
	at T.updateTransientWatchers (/usr/share/code/resources/app/extensions/git/dist/main.js:1:101168)
	at l.fire (/usr/share/code/resources/app/out/vs/workbench/services/extensions/node/extensionHostProcess.js:47:227)
	at E.updateModelState (/usr/share/code/resources/app/extensions/git/dist/main.js:1:120038)
> git config --get commit.template
> git status -z -u
> git symbolic-ref --short HEAD
> git rev-parse master
> git rev-parse --symbolic-full-name master@{u}
> git rev-list --left-right master...refs/remotes/origin/master
> git for-each-ref --format %(refname) %(objectname) --sort -committerdate
> git remote --verbose
Failed to watch ref '/root/Documents/CodiWork/Submissions/.git/refs/remotes/origin/master', is most likely packed.
Error: ENOENT: no such file or directory, watch '/root/Documents/CodiWork/Submissions/.git/refs/remotes/origin/master'
	at FSWatcher.start (internal/fs/watchers.js:165:26)
	at Object.watch (fs.js:1270:11)
	at Object.t.watch (/usr/share/code/resources/app/extensions/git/dist/main.js:1:596797)
	at T.updateTransientWatchers (/usr/share/code/resources/app/extensions/git/dist/main.js:1:101168)
	at l.fire (/usr/share/code/resources/app/out/vs/workbench/services/extensions/node/extensionHostProcess.js:47:227)
	at E.updateModelState (/usr/share/code/resources/app/extensions/git/dist/main.js:1:120038)
> git config --get commit.template
> git show :Exercises/html-css-git-exercises/week-1/1-parent-child/readme.md
> git show :Exercises/html-css-git-exercises/week-1/1-parent-child/index.html
> git status -z -u
> git symbolic-ref --short HEAD
> git rev-parse master
> git rev-parse --symbolic-full-name master@{u}
> git rev-list --left-right master...refs/remotes/origin/master
> git for-each-ref --format %(refname) %(objectname) --sort -committerdate
> git remote --verbose
Failed to watch ref '/root/Documents/CodiWork/Submissions/.git/refs/remotes/origin/master', is most likely packed.
Error: ENOENT: no such file or directory, watch '/root/Documents/CodiWork/Submissions/.git/refs/remotes/origin/master'
	at FSWatcher.start (internal/fs/watchers.js:165:26)
	at Object.watch (fs.js:1270:11)
	at Object.t.watch (/usr/share/code/resources/app/extensions/git/dist/main.js:1:596797)
	at T.updateTransientWatchers (/usr/share/code/resources/app/extensions/git/dist/main.js:1:101168)
	at l.fire (/usr/share/code/resources/app/out/vs/workbench/services/extensions/node/extensionHostProcess.js:47:227)
	at E.updateModelState (/usr/share/code/resources/app/extensions/git/dist/main.js:1:120038)
> git config --get commit.template
> git show :Exercises/html-css-git-exercises/week-1/1-parent-child/readme.md
> git show :Exercises/html-css-git-exercises/week-1/1-parent-child/index.html
> git status -z -u
> git symbolic-ref --short HEAD
> git rev-parse master
> git rev-parse --symbolic-full-name master@{u}
> git rev-list --left-right master...refs/remotes/origin/master
> git for-each-ref --format %(refname) %(objectname) --sort -committerdate
> git remote --verbose
Failed to watch ref '/root/Documents/CodiWork/Submissions/.git/refs/remotes/origin/master', is most likely packed.
Error: ENOENT: no such file or directory, watch '/root/Documents/CodiWork/Submissions/.git/refs/remotes/origin/master'
	at FSWatcher.start (internal/fs/watchers.js:165:26)
	at Object.watch (fs.js:1270:11)
	at Object.t.watch (/usr/share/code/resources/app/extensions/git/dist/main.js:1:596797)
	at T.updateTransientWatchers (/usr/share/code/resources/app/extensions/git/dist/main.js:1:101168)
	at l.fire (/usr/share/code/resources/app/out/vs/workbench/services/extensions/node/extensionHostProcess.js:47:227)
	at E.updateModelState (/usr/share/code/resources/app/extensions/git/dist/main.js:1:120038)
> git config --get commit.template
> git show :Exercises/html-css-git-exercises/week-1/1-parent-child/readme.md
> git show :Exercises/html-css-git-exercises/week-1/1-parent-child/index.html
> git status -z -u
> git symbolic-ref --short HEAD
> git rev-parse master
> git rev-parse --symbolic-full-name master@{u}
> git rev-list --left-right master...refs/remotes/origin/master
> git for-each-ref --format %(refname) %(objectname) --sort -committerdate
> git remote --verbose
Failed to watch ref '/root/Documents/CodiWork/Submissions/.git/refs/remotes/origin/master', is most likely packed.
Error: ENOENT: no such file or directory, watch '/root/Documents/CodiWork/Submissions/.git/refs/remotes/origin/master'
	at FSWatcher.start (internal/fs/watchers.js:165:26)
	at Object.watch (fs.js:1270:11)
	at Object.t.watch (/usr/share/code/resources/app/extensions/git/dist/main.js:1:596797)
	at T.updateTransientWatchers (/usr/share/code/resources/app/extensions/git/dist/main.js:1:101168)
	at l.fire (/usr/share/code/resources/app/out/vs/workbench/services/extensions/node/extensionHostProcess.js:47:227)
	at E.updateModelState (/usr/share/code/resources/app/extensions/git/dist/main.js:1:120038)
> git config --get commit.template
> git status -z -u
> git symbolic-ref --short HEAD
> git rev-parse master
> git rev-parse --symbolic-full-name master@{u}
> git rev-list --left-right master...refs/remotes/origin/master
> git for-each-ref --format %(refname) %(objectname) --sort -committerdate
> git remote --verbose
Failed to watch ref '/root/Documents/CodiWork/Submissions/.git/refs/remotes/origin/master', is most likely packed.
Error: ENOENT: no such file or directory, watch '/root/Documents/CodiWork/Submissions/.git/refs/remotes/origin/master'
	at FSWatcher.start (internal/fs/watchers.js:165:26)
	at Object.watch (fs.js:1270:11)
	at Object.t.watch (/usr/share/code/resources/app/extensions/git/dist/main.js:1:596797)
	at T.updateTransientWatchers (/usr/share/code/resources/app/extensions/git/dist/main.js:1:101168)
	at l.fire (/usr/share/code/resources/app/out/vs/workbench/services/extensions/node/extensionHostProcess.js:47:227)
	at E.updateModelState (/usr/share/code/resources/app/extensions/git/dist/main.js:1:120038)
> git config --get commit.template
> git show :Exercises/html-css-git-exercises/week-1/2-html-attributes/readme.md
> git check-ignore -v -z --stdin
> git show :Exercises/html-css-git-exercises/week-1/1-parent-child/index.html
> git show :Exercises/html-css-git-exercises/week-1/2-html-attributes/readme.md
> git show :Exercises/html-css-git-exercises/week-1/2-html-attributes/index.html
> git check-ignore -v -z --stdin
> git show :Exercises/html-css-git-exercises/week-1/2-html-attributes/readme.md
> git show :Exercises/html-css-git-exercises/week-1/2-html-attributes/index.html
> git status -z -u
> git symbolic-ref --short HEAD
> git rev-parse master
> git rev-parse --symbolic-full-name master@{u}
> git rev-list --left-right master...refs/remotes/origin/master
> git for-each-ref --format %(refname) %(objectname) --sort -committerdate
> git remote --verbose
Failed to watch ref '/root/Documents/CodiWork/Submissions/.git/refs/remotes/origin/master', is most likely packed.
Error: ENOENT: no such file or directory, watch '/root/Documents/CodiWork/Submissions/.git/refs/remotes/origin/master'
	at FSWatcher.start (internal/fs/watchers.js:165:26)
	at Object.watch (fs.js:1270:11)
	at Object.t.watch (/usr/share/code/resources/app/extensions/git/dist/main.js:1:596797)
	at T.updateTransientWatchers (/usr/share/code/resources/app/extensions/git/dist/main.js:1:101168)
	at l.fire (/usr/share/code/resources/app/out/vs/workbench/services/extensions/node/extensionHostProcess.js:47:227)
	at E.updateModelState (/usr/share/code/resources/app/extensions/git/dist/main.js:1:120038)
> git config --get commit.template
> git show :Exercises/html-css-git-exercises/week-1/2-html-attributes/readme.md
> git show :Exercises/html-css-git-exercises/week-1/2-html-attributes/index.html
> git status -z -u
> git symbolic-ref --short HEAD
> git rev-parse master
> git rev-parse --symbolic-full-name master@{u}
> git rev-list --left-right master...refs/remotes/origin/master
> git for-each-ref --format %(refname) %(objectname) --sort -committerdate
> git remote --verbose
Failed to watch ref '/root/Documents/CodiWork/Submissions/.git/refs/remotes/origin/master', is most likely packed.
Error: ENOENT: no such file or directory, watch '/root/Documents/CodiWork/Submissions/.git/refs/remotes/origin/master'
	at FSWatcher.start (internal/fs/watchers.js:165:26)
	at Object.watch (fs.js:1270:11)
	at Object.t.watch (/usr/share/code/resources/app/extensions/git/dist/main.js:1:596797)
	at T.updateTransientWatchers (/usr/share/code/resources/app/extensions/git/dist/main.js:1:101168)
	at l.fire (/usr/share/code/resources/app/out/vs/workbench/services/extensions/node/extensionHostProcess.js:47:227)
	at E.updateModelState (/usr/share/code/resources/app/extensions/git/dist/main.js:1:120038)
> git config --get commit.template
> git show :Exercises/html-css-git-exercises/week-1/2-html-attributes/readme.md
> git show :Exercises/html-css-git-exercises/week-1/2-html-attributes/index.html
> git status -z -u
> git symbolic-ref --short HEAD
> git rev-parse master
> git rev-parse --symbolic-full-name master@{u}
> git rev-list --left-right master...refs/remotes/origin/master
> git for-each-ref --format %(refname) %(objectname) --sort -committerdate
> git remote --verbose
Failed to watch ref '/root/Documents/CodiWork/Submissions/.git/refs/remotes/origin/master', is most likely packed.
Error: ENOENT: no such file or directory, watch '/root/Documents/CodiWork/Submissions/.git/refs/remotes/origin/master'
	at FSWatcher.start (internal/fs/watchers.js:165:26)
	at Object.watch (fs.js:1270:11)
	at Object.t.watch (/usr/share/code/resources/app/extensions/git/dist/main.js:1:596797)
	at T.updateTransientWatchers (/usr/share/code/resources/app/extensions/git/dist/main.js:1:101168)
	at l.fire (/usr/share/code/resources/app/out/vs/workbench/services/extensions/node/extensionHostProcess.js:47:227)
	at E.updateModelState (/usr/share/code/resources/app/extensions/git/dist/main.js:1:120038)
> git config --get commit.template
